<?xml version="1.0" encoding="UTF-8"?>
<!-- Generated by org.testng.reporters.JUnitReportReporter -->
<testsuite skipped="0" hostname="DESKTOP-T6AQG6D" name="com.training.sanity.tests.ViewRemoveCartTests" tests="1" failures="0" timestamp="2020-07-01T11:11:30 IST" time="36.914" errors="0">
  <testcase name="ViewCart" time="36.914" classname="com.training.sanity.tests.ViewRemoveCartTests"/>
  <system-out/>
</testsuite> <!-- com.training.sanity.tests.ViewRemoveCartTests -->
