<?xml version="1.0" encoding="UTF-8"?>
<!-- Generated by org.testng.reporters.JUnitReportReporter -->
<testsuite skipped="0" hostname="DESKTOP-T6AQG6D" name="com.training.regression.tests.LoginDBTest" tests="2" failures="0" timestamp="2020-07-08T10:49:41 IST" time="35.945" errors="0">
  <testcase name="loginDBTest" time="15.326" classname="com.training.regression.tests.LoginDBTest"/>
  <system-out/>
  <testcase name="loginDBTest" time="20.619" classname="com.training.regression.tests.LoginDBTest"/>
  <system-out/>
</testsuite> <!-- com.training.regression.tests.LoginDBTest -->
