<?xml version="1.0" encoding="UTF-8"?>
<!-- Generated by org.testng.reporters.JUnitReportReporter -->
<testsuite skipped="0" hostname="DESKTOP-T6AQG6D" name="com.training.regression.tests.LoginExcelTest" tests="2" failures="0" timestamp="2020-07-06T10:22:09 IST" time="32.866" errors="0">
  <testcase name="loginDBTest" time="17.053" classname="com.training.regression.tests.LoginExcelTest"/>
  <system-out/>
  <testcase name="loginDBTest" time="15.813" classname="com.training.regression.tests.LoginExcelTest"/>
  <system-out/>
</testsuite> <!-- com.training.regression.tests.LoginExcelTest -->
