<?xml version="1.0" encoding="UTF-8"?>
<!-- Generated by org.testng.reporters.JUnitReportReporter -->
<testsuite skipped="0" hostname="DESKTOP-T6AQG6D" name="com.training.sanity.tests.ViewRemoveCartTests" tests="1" failures="0" timestamp="2020-06-27T23:41:35 IST" time="54.864" errors="0">
  <testcase name="validLoginTest" time="54.864" classname="com.training.sanity.tests.ViewRemoveCartTests"/>
  <system-out/>
</testsuite> <!-- com.training.sanity.tests.ViewRemoveCartTests -->
