<?xml version="1.0" encoding="UTF-8"?>
<!-- Generated by org.testng.reporters.JUnitReportReporter -->
<testsuite skipped="0" hostname="DESKTOP-T6AQG6D" name="com.training.sanity.tests.RSToTrashTests" tests="1" failures="0" timestamp="2020-06-30T00:28:29 IST" time="38.809" errors="0">
  <testcase name="validLoginTest" time="38.809" classname="com.training.sanity.tests.RSToTrashTests"/>
  <system-out/>
</testsuite> <!-- com.training.sanity.tests.RSToTrashTests -->
