<?xml version="1.0" encoding="UTF-8"?>
<!-- Generated by org.testng.reporters.JUnitReportReporter -->
<testsuite skipped="0" hostname="DESKTOP-T6AQG6D" name="com.training.sanity.tests.RSAddFeatureTests" tests="1" failures="0" timestamp="2020-06-29T17:36:59 IST" time="43.226" errors="0">
  <testcase name="validLoginTest" time="43.226" classname="com.training.sanity.tests.RSAddFeatureTests"/>
  <system-out/>
</testsuite> <!-- com.training.sanity.tests.RSAddFeatureTests -->
