<?xml version="1.0" encoding="UTF-8"?>
<!-- Generated by org.testng.reporters.JUnitReportReporter -->
<testsuite skipped="0" hostname="DESKTOP-T6AQG6D" name="com.training.sanity.tests.AdminLoginTests" tests="1" failures="0" timestamp="2020-06-27T22:16:28 IST" time="25.541" errors="0">
  <testcase name="validLoginTest" time="25.541" classname="com.training.sanity.tests.AdminLoginTests"/>
  <system-out/>
</testsuite> <!-- com.training.sanity.tests.AdminLoginTests -->
