<?xml version="1.0" encoding="UTF-8"?>
<!-- Generated by org.testng.reporters.JUnitReportReporter -->
<testsuite skipped="0" hostname="DESKTOP-T6AQG6D" name="com.training.sanity.tests.LoginTests" tests="1" failures="0" timestamp="2020-06-24T23:23:48 IST" time="18.872" errors="0">
  <testcase name="validLoginTest" time="18.872" classname="com.training.sanity.tests.LoginTests"/>
  <system-out/>
</testsuite> <!-- com.training.sanity.tests.LoginTests -->
