<?xml version="1.0" encoding="UTF-8"?>
<!-- Generated by org.testng.reporters.JUnitReportReporter -->
<testsuite skipped="0" hostname="DESKTOP-T6AQG6D" name="com.training.sanity.tests.AdminLoginTests" tests="1" failures="0" timestamp="2020-07-02T10:11:12 IST" time="15.577" errors="0">
  <testcase name="validLoginTest" time="15.577" classname="com.training.sanity.tests.AdminLoginTests"/>
  <system-out/>
</testsuite> <!-- com.training.sanity.tests.AdminLoginTests -->
