<?xml version="1.0" encoding="UTF-8"?>
<!-- Generated by org.testng.reporters.JUnitReportReporter -->
<testsuite skipped="0" hostname="DESKTOP-T6AQG6D" name="com.training.sanity.tests.OrderPlacedAndCompletedTests" tests="1" failures="0" timestamp="2020-07-08T17:53:50 IST" time="99.173" errors="0">
  <testcase name="ViewCart" time="99.173" classname="com.training.sanity.tests.OrderPlacedAndCompletedTests"/>
  <system-out/>
</testsuite> <!-- com.training.sanity.tests.OrderPlacedAndCompletedTests -->
