<?xml version="1.0" encoding="UTF-8"?>
<!-- Generated by org.testng.reporters.JUnitReportReporter -->
<testsuite skipped="0" hostname="DESKTOP-T6AQG6D" name="com.training.sanity.tests.FilterProductTests" tests="1" failures="0" timestamp="2020-07-01T11:45:46 IST" time="24.447" errors="0">
  <testcase name="filterProduct" time="24.447" classname="com.training.sanity.tests.FilterProductTests"/>
  <system-out/>
</testsuite> <!-- com.training.sanity.tests.FilterProductTests -->
