<?xml version="1.0" encoding="UTF-8"?>
<!-- Generated by org.testng.reporters.JUnitReportReporter -->
<testsuite skipped="0" hostname="DESKTOP-T6AQG6D" name="com.training.sanity.tests.CatalogCategoriesTests" tests="1" failures="0" timestamp="2020-07-02T09:44:10 IST" time="21.269" errors="0">
  <testcase name="Categories" time="21.269" classname="com.training.sanity.tests.CatalogCategoriesTests"/>
  <system-out/>
</testsuite> <!-- com.training.sanity.tests.CatalogCategoriesTests -->
