<?xml version="1.0" encoding="UTF-8"?>
<!-- Generated by org.testng.reporters.JUnitReportReporter -->
<testsuite skipped="0" hostname="DESKTOP-T6AQG6D" name="com.training.sanity.tests.DeleteCategoryTests" tests="1" failures="0" timestamp="2020-07-02T11:03:57 IST" time="19.314" errors="0">
  <testcase name="deleteCategory" time="19.314" classname="com.training.sanity.tests.DeleteCategoryTests"/>
  <system-out/>
</testsuite> <!-- com.training.sanity.tests.DeleteCategoryTests -->
