<?xml version="1.0" encoding="UTF-8"?>
<!-- Generated by org.testng.reporters.JUnitReportReporter -->
<testsuite skipped="0" hostname="DESKTOP-T6AQG6D" name="com.training.sanity.tests.AddProductTests" tests="1" failures="0" timestamp="2020-07-02T10:20:48 IST" time="23.931" errors="0">
  <testcase name="AddProduct" time="23.931" classname="com.training.sanity.tests.AddProductTests"/>
  <system-out/>
</testsuite> <!-- com.training.sanity.tests.AddProductTests -->
